Determining if the pthread_create exist failed with the following output:
Change Dir: /media/sf_OneDrive/TU/2020S_Semester/Autonomous_Racing_Cars_VU/AutonomousRacingCar/build/CMakeFiles/CMakeTmp

Run Build Command:"/usr/bin/make" "cmTC_e1288/fast"
make: Warning: File 'Makefile' has modification time 1,6 s in the future
/usr/bin/make -f CMakeFiles/cmTC_e1288.dir/build.make CMakeFiles/cmTC_e1288.dir/build
make[1]: Entering directory '/media/sf_OneDrive/TU/2020S_Semester/Autonomous_Racing_Cars_VU/AutonomousRacingCar/build/CMakeFiles/CMakeTmp'
make[1]: Warning: File 'CMakeFiles/cmTC_e1288.dir/flags.make' has modification time 1,6 s in the future
Building C object CMakeFiles/cmTC_e1288.dir/CheckSymbolExists.c.o
/usr/bin/cc    -o CMakeFiles/cmTC_e1288.dir/CheckSymbolExists.c.o   -c /media/sf_OneDrive/TU/2020S_Semester/Autonomous_Racing_Cars_VU/AutonomousRacingCar/build/CMakeFiles/CMakeTmp/CheckSymbolExists.c
Linking C executable cmTC_e1288
/usr/bin/cmake -E cmake_link_script CMakeFiles/cmTC_e1288.dir/link.txt --verbose=1
/usr/bin/cc      -rdynamic CMakeFiles/cmTC_e1288.dir/CheckSymbolExists.c.o  -o cmTC_e1288 
CMakeFiles/cmTC_e1288.dir/CheckSymbolExists.c.o: In function `main':
CheckSymbolExists.c:(.text+0x1b): undefined reference to `pthread_create'
collect2: error: ld returned 1 exit status
CMakeFiles/cmTC_e1288.dir/build.make:97: recipe for target 'cmTC_e1288' failed
make[1]: *** [cmTC_e1288] Error 1
make[1]: Leaving directory '/media/sf_OneDrive/TU/2020S_Semester/Autonomous_Racing_Cars_VU/AutonomousRacingCar/build/CMakeFiles/CMakeTmp'
Makefile:126: recipe for target 'cmTC_e1288/fast' failed
make: *** [cmTC_e1288/fast] Error 2

File /media/sf_OneDrive/TU/2020S_Semester/Autonomous_Racing_Cars_VU/AutonomousRacingCar/build/CMakeFiles/CMakeTmp/CheckSymbolExists.c:
/* */
#include <pthread.h>

int main(int argc, char** argv)
{
  (void)argv;
#ifndef pthread_create
  return ((int*)(&pthread_create))[argc];
#else
  (void)argc;
  return 0;
#endif
}

Determining if the function pthread_create exists in the pthreads failed with the following output:
Change Dir: /media/sf_OneDrive/TU/2020S_Semester/Autonomous_Racing_Cars_VU/AutonomousRacingCar/build/CMakeFiles/CMakeTmp

Run Build Command:"/usr/bin/make" "cmTC_1b775/fast"
make: Warning: File 'Makefile' has modification time 1,6 s in the future
/usr/bin/make -f CMakeFiles/cmTC_1b775.dir/build.make CMakeFiles/cmTC_1b775.dir/build
make[1]: Entering directory '/media/sf_OneDrive/TU/2020S_Semester/Autonomous_Racing_Cars_VU/AutonomousRacingCar/build/CMakeFiles/CMakeTmp'
make[1]: Warning: File 'CMakeFiles/cmTC_1b775.dir/flags.make' has modification time 1,5 s in the future
Building C object CMakeFiles/cmTC_1b775.dir/CheckFunctionExists.c.o
/usr/bin/cc   -DCHECK_FUNCTION_EXISTS=pthread_create   -o CMakeFiles/cmTC_1b775.dir/CheckFunctionExists.c.o   -c /usr/share/cmake-3.10/Modules/CheckFunctionExists.c
Linking C executable cmTC_1b775
/usr/bin/cmake -E cmake_link_script CMakeFiles/cmTC_1b775.dir/link.txt --verbose=1
/usr/bin/cc  -DCHECK_FUNCTION_EXISTS=pthread_create    -rdynamic CMakeFiles/cmTC_1b775.dir/CheckFunctionExists.c.o  -o cmTC_1b775 -lpthreads 
/usr/bin/ld: cannot find -lpthreads
collect2: error: ld returned 1 exit status
CMakeFiles/cmTC_1b775.dir/build.make:97: recipe for target 'cmTC_1b775' failed
make[1]: *** [cmTC_1b775] Error 1
make[1]: Leaving directory '/media/sf_OneDrive/TU/2020S_Semester/Autonomous_Racing_Cars_VU/AutonomousRacingCar/build/CMakeFiles/CMakeTmp'
Makefile:126: recipe for target 'cmTC_1b775/fast' failed
make: *** [cmTC_1b775/fast] Error 2


